#
# A fatal error has been detected by the Java Runtime Environment:
#
#  SIGSEGV (0xb) at pc=0x0000000104ce9784, pid=34670, tid=30467
#
# JRE version: OpenJDK Runtime Environment Zulu15.44+13-CA (15.0.9+5) (build 15.0.9+5-MTS)
# Java VM: OpenJDK 64-Bit Server VM Zulu15.44+13-CA (15.0.9+5-MTS, mixed mode, tiered, compressed oops, g1 gc, bsd-aarch64)
# Problematic frame:
# C  [python3.9+0x1f9784]  collect+0x100
#
# No core dump will be written. Core dumps have been disabled. To enable core dumping, try "ulimit -c unlimited" before starting Java again
#
# If you would like to submit a bug report, please visit:
#   http://www.azul.com/support/
# The crash happened outside the Java Virtual Machine in native code.
# See problematic frame for where to report the bug.
#

---------------  S U M M A R Y ------------

Command Line: -Dfile.encoding=UTF8 -ea -Xmx1024m 

Host: MacBookAir10,1 arm64 1 MHz, 8 cores, 8G, Darwin 21.6.0
Time: Mon Nov 28 21:36:36 2022 KST elapsed time: 0.448452 seconds (0d 0h 0m 0s)

---------------  T H R E A D  ---------------

Current thread (0x00000001283f0a00):  JavaThread "Python Reference Queue" daemon [_thread_in_native, id=30467, stack(0x000000029c7a8000,0x000000029c9ab000)]

Stack: [0x000000029c7a8000,0x000000029c9ab000],  sp=0x000000029c9aa790,  free space=2057k
Native frames: (J=compiled Java code, A=aot compiled Java code, j=interpreted, Vv=VM code, C=native code)
C  [python3.9+0x1f9784]  collect+0x100
C  [python3.9+0x1faf94]  collect_with_callback+0x58
C  [python3.9+0x1faf00]  PyGC_Collect+0x50
C  [_jpype.cpython-39-darwin.so+0x1cc4c]  JPGarbageCollection::triggered()+0x38
C  [_jpype.cpython-39-darwin.so+0x290e8]  Java_org_jpype_ref_JPypeReferenceNative_wake+0x1c
j  org.jpype.ref.JPypeReferenceNative.wake()V+0
j  org.jpype.ref.JPypeReferenceQueue$Worker.run()V+42
j  java.lang.Thread.run()V+11 java.base@15.0.9
v  ~StubRoutines::call_stub
V  [libjvm.dylib+0x3e0604]  JavaCalls::call_helper(JavaValue*, methodHandle const&, JavaCallArguments*, Thread*)+0x324
V  [libjvm.dylib+0x3df6dc]  JavaCalls::call_virtual(JavaValue*, Klass*, Symbol*, Symbol*, JavaCallArguments*, Thread*)+0xf8
V  [libjvm.dylib+0x3df7a4]  JavaCalls::call_virtual(JavaValue*, Handle, Klass*, Symbol*, Symbol*, Thread*)+0x64
V  [libjvm.dylib+0x48e770]  thread_entry(JavaThread*, Thread*)+0xbc
V  [libjvm.dylib+0x8cb668]  JavaThread::thread_main_inner()+0xa0
V  [libjvm.dylib+0x8c8b64]  Thread::call_run()+0x88
V  [libjvm.dylib+0x711c6c]  thread_native_entry(Thread*)+0x1d0
C  [libsystem_pthread.dylib+0x726c]  _pthread_start+0x94

Java frames: (J=compiled Java code, j=interpreted, Vv=VM code)
j  org.jpype.ref.JPypeReferenceNative.wake()V+0
j  org.jpype.ref.JPypeReferenceQueue$Worker.run()V+42
j  java.lang.Thread.run()V+11 java.base@15.0.9
v  ~StubRoutines::call_stub

siginfo: si_signo: 11 (SIGSEGV), si_code: 2 (SEGV_ACCERR), si_addr: 0x00000001693110d8

Register to memory mapping:

 x0=0x0000000294641fb0 points into unknown readable memory: 0x00000001480090b0 | b0 90 00 48 01 00 00 00
 x1=0x0000000000000002 is an unknown value
 x2=0x000000029c9aa8b0 is pointing into the stack for thread: 0x00000001283f0a00
 x3=0x000000029c9aa8a8 is pointing into the stack for thread: 0x00000001283f0a00
 x4=0x0 is NULL
 x5=0x0 is NULL
 x6=0x0000000000000001 is an unknown value
 x7=0x00000001283f0a00 is a thread
 x8=